ARM GAS  /tmp/cc0DNJeH.s 			page 1


   1              		.cpu cortex-m4
   2              		.eabi_attribute 27, 1
   3              		.eabi_attribute 28, 1
   4              		.eabi_attribute 20, 1
   5              		.eabi_attribute 21, 1
   6              		.eabi_attribute 23, 3
   7              		.eabi_attribute 24, 1
   8              		.eabi_attribute 25, 1
   9              		.eabi_attribute 26, 1
  10              		.eabi_attribute 30, 1
  11              		.eabi_attribute 34, 1
  12              		.eabi_attribute 18, 4
  13              		.file	"led.c"
  14              		.text
  15              	.Ltext0:
  16              		.cfi_sections	.debug_frame
  17              		.section	.text.set_led,"ax",%progbits
  18              		.align	1
  19              		.global	set_led
  20              		.arch armv7e-m
  21              		.syntax unified
  22              		.thumb
  23              		.thumb_func
  24              		.fpu fpv4-sp-d16
  26              	set_led:
  27              	.LVL0:
  28              	.LFB950:
  29              		.file 1 "../../lib/led/led.c"
   1:../../lib/led/led.c **** #include "main.h"
   2:../../lib/led/led.c **** #include "stm32wb55xx.h"
   3:../../lib/led/led.c **** #include "stm32wbxx_hal_gpio.h"
   4:../../lib/led/led.c **** #include "led.h"
   5:../../lib/led/led.c **** 
   6:../../lib/led/led.c **** // MACRO to avoid compiler warnings
   7:../../lib/led/led.c **** #define ARG_UNUSED(x) (void)(x)
   8:../../lib/led/led.c **** 
   9:../../lib/led/led.c **** typedef struct {
  10:../../lib/led/led.c **** 	GPIO_TypeDef* port;
  11:../../lib/led/led.c **** 	uint16_t pin;
  12:../../lib/led/led.c **** } led_entry_t;
  13:../../lib/led/led.c **** 
  14:../../lib/led/led.c **** led_entry_t led_map[LED_N] = {
  15:../../lib/led/led.c **** 	{.port = LEDR_GPIO_Port, .pin = LEDR_Pin}, // RED
  16:../../lib/led/led.c **** 	{.port = LEDG_GPIO_Port, .pin = LEDG_Pin}, // GREEN
  17:../../lib/led/led.c **** 	{.port = LEDB_GPIO_Port, .pin = LEDB_Pin}, // BLUE
  18:../../lib/led/led.c **** };
  19:../../lib/led/led.c **** 
  20:../../lib/led/led.c **** void set_led(led_t led, led_state_t state) {
  30              		.loc 1 20 44 view -0
  31              		.cfi_startproc
  32              		@ args = 0, pretend = 0, frame = 8
  33              		@ frame_needed = 0, uses_anonymous_args = 0
  34              		.loc 1 20 44 is_stmt 0 view .LVU1
  35 0000 10B5     		push	{r4, lr}
  36              	.LCFI0:
  37              		.cfi_def_cfa_offset 8
  38              		.cfi_offset 4, -8
ARM GAS  /tmp/cc0DNJeH.s 			page 2


  39              		.cfi_offset 14, -4
  40 0002 82B0     		sub	sp, sp, #8
  41              	.LCFI1:
  42              		.cfi_def_cfa_offset 16
  43 0004 0C46     		mov	r4, r1
  21:../../lib/led/led.c **** 	if (led == LED_ALL) {
  44              		.loc 1 21 2 is_stmt 1 view .LVU2
  45              		.loc 1 21 5 is_stmt 0 view .LVU3
  46 0006 FF28     		cmp	r0, #255
  47 0008 0ED0     		beq	.L5
  22:../../lib/led/led.c **** 		set_led(LED_RED, state);
  23:../../lib/led/led.c **** 		set_led(LED_GREEN, state);
  24:../../lib/led/led.c **** 		set_led(LED_BLUE, state);
  25:../../lib/led/led.c **** 		return;
  26:../../lib/led/led.c **** 	}
  27:../../lib/led/led.c **** 	led_entry_t led_entry = led_map[led];
  48              		.loc 1 27 2 is_stmt 1 view .LVU4
  49              		.loc 1 27 14 is_stmt 0 view .LVU5
  50 000a 0D4B     		ldr	r3, .L6
  51 000c 03EBC000 		add	r0, r3, r0, lsl #3
  52              	.LVL1:
  53              		.loc 1 27 14 view .LVU6
  54 0010 03C8     		ldm	r0, {r0, r1}
  55              	.LVL2:
  56              		.loc 1 27 14 view .LVU7
  57 0012 02AB     		add	r3, sp, #8
  58 0014 03E90300 		stmdb	r3, {r0, r1}
  28:../../lib/led/led.c **** 	// callHAL_GPIO_WritePin(GPIO_TypeDef *GPIOx, uint16_t GPIO_Pin, GPIO_PinState PinState) //
  29:../../lib/led/led.c **** 	// form stm32wbxx_hal_gpio.c 				
  30:../../lib/led/led.c **** 	// printf ("%s, %s, %s\n", led_entry.port, led_entry.pin, state);											 //
  31:../../lib/led/led.c **** 	HAL_GPIO_WritePin(led_entry.port, led_entry.pin, state);
  59              		.loc 1 31 2 is_stmt 1 view .LVU8
  60 0018 2246     		mov	r2, r4
  61 001a BDF80410 		ldrh	r1, [sp, #4]
  62 001e 0098     		ldr	r0, [sp]
  63 0020 FFF7FEFF 		bl	HAL_GPIO_WritePin
  64              	.LVL3:
  65              	.L1:
  32:../../lib/led/led.c **** 	// ARG_UNUSED(led_entry); // TODO: set the value of the target GPIO pin
  33:../../lib/led/led.c **** }...
  66              		.loc 1 33 1 is_stmt 0 view .LVU9
  67 0024 02B0     		add	sp, sp, #8
  68              	.LCFI2:
  69              		.cfi_remember_state
  70              		.cfi_def_cfa_offset 8
  71              		@ sp needed
  72 0026 10BD     		pop	{r4, pc}
  73              	.LVL4:
  74              	.L5:
  75              	.LCFI3:
  76              		.cfi_restore_state
  22:../../lib/led/led.c **** 		set_led(LED_RED, state);
  77              		.loc 1 22 3 is_stmt 1 view .LVU10
  78 0028 0020     		movs	r0, #0
  79              	.LVL5:
  22:../../lib/led/led.c **** 		set_led(LED_RED, state);
  80              		.loc 1 22 3 is_stmt 0 view .LVU11
ARM GAS  /tmp/cc0DNJeH.s 			page 3


  81 002a FFF7FEFF 		bl	set_led
  82              	.LVL6:
  23:../../lib/led/led.c **** 		set_led(LED_GREEN, state);
  83              		.loc 1 23 3 is_stmt 1 view .LVU12
  84 002e 2146     		mov	r1, r4
  85 0030 0120     		movs	r0, #1
  86 0032 FFF7FEFF 		bl	set_led
  87              	.LVL7:
  24:../../lib/led/led.c **** 		set_led(LED_BLUE, state);
  88              		.loc 1 24 3 view .LVU13
  89 0036 2146     		mov	r1, r4
  90 0038 0220     		movs	r0, #2
  91 003a FFF7FEFF 		bl	set_led
  92              	.LVL8:
  25:../../lib/led/led.c **** 		return;
  93              		.loc 1 25 3 view .LVU14
  94 003e F1E7     		b	.L1
  95              	.L7:
  96              		.align	2
  97              	.L6:
  98 0040 00000000 		.word	.LANCHOR0
  99              		.cfi_endproc
 100              	.LFE950:
 102              		.global	led_map
 103              		.section	.data.led_map,"aw"
 104              		.align	2
 105              		.set	.LANCHOR0,. + 0
 108              	led_map:
 109 0000 00040048 		.word	1207960576
 110 0004 0200     		.short	2
 111 0006 0000     		.space	2
 112 0008 00040048 		.word	1207960576
 113 000c 0100     		.short	1
 114 000e 0000     		.space	2
 115 0010 00040048 		.word	1207960576
 116 0014 2000     		.short	32
 117 0016 0000     		.space	2
 118              		.text
 119              	.Letext0:
 120              		.file 2 "/usr/lib/gcc/arm-none-eabi/9.2.1/include/stdint.h"
 121              		.file 3 "Drivers/CMSIS/Include/core_cm4.h"
 122              		.file 4 "Drivers/CMSIS/Device/ST/STM32WBxx/Include/system_stm32wbxx.h"
 123              		.file 5 "Drivers/CMSIS/Device/ST/STM32WBxx/Include/stm32wb55xx.h"
 124              		.file 6 "Drivers/STM32WBxx_HAL_Driver/Inc/stm32wbxx_hal_def.h"
 125              		.file 7 "Drivers/STM32WBxx_HAL_Driver/Inc/stm32wbxx_hal_flash.h"
 126              		.file 8 "Drivers/STM32WBxx_HAL_Driver/Inc/stm32wbxx_hal_gpio.h"
 127              		.file 9 "Drivers/STM32WBxx_HAL_Driver/Inc/stm32wbxx_hal_uart.h"
 128              		.file 10 "Drivers/STM32WBxx_HAL_Driver/Inc/stm32wbxx_hal.h"
 129              		.file 11 "../../lib/led/led.h"
ARM GAS  /tmp/cc0DNJeH.s 			page 4


DEFINED SYMBOLS
                            *ABS*:0000000000000000 led.c
     /tmp/cc0DNJeH.s:18     .text.set_led:0000000000000000 $t
     /tmp/cc0DNJeH.s:26     .text.set_led:0000000000000000 set_led
     /tmp/cc0DNJeH.s:98     .text.set_led:0000000000000040 $d
     /tmp/cc0DNJeH.s:108    .data.led_map:0000000000000000 led_map
     /tmp/cc0DNJeH.s:104    .data.led_map:0000000000000000 $d

UNDEFINED SYMBOLS
HAL_GPIO_WritePin
